
Circuit 1 cell sky130_fd_pr__nfet_01v8 and Circuit 2 cell sky130_fd_pr__nfet_01v8 are black boxes.
Warning: Equate pins:  cell sky130_fd_pr__nfet_01v8 is a placeholder, treated as a black box.
Warning: Equate pins:  cell sky130_fd_pr__nfet_01v8 is a placeholder, treated as a black box.

Subcircuit pins:
Circuit 1: sky130_fd_pr__nfet_01v8         |Circuit 2: sky130_fd_pr__nfet_01v8         
-------------------------------------------|-------------------------------------------
1                                          |1                                          
2                                          |2                                          
3                                          |3                                          
4                                          |4                                          
---------------------------------------------------------------------------------------
Cell pin lists are equivalent.
Device classes sky130_fd_pr__nfet_01v8 and sky130_fd_pr__nfet_01v8 are equivalent.
Flattening unmatched subcell sky130_fd_pr__nfet_01v8_6H9P4D in circuit nmos_dif (0)(4 instances)
Flattening unmatched subcell sky130_fd_pr__nfet_01v8_DB328X in circuit nmos_dif (0)(2 instances)

Class nmos_dif (0):  Merged 7 parallel devices.
Subcircuit summary:
Circuit 1: nmos_dif                        |Circuit 2: nmos_dif                        
-------------------------------------------|-------------------------------------------
sky130_fd_pr__nfet_01v8 (12->5)            |sky130_fd_pr__nfet_01v8 (12->4) **Mismatch 
Number of devices: 5 **Mismatch**          |Number of devices: 4 **Mismatch**          
Number of nets: 4 **Mismatch**             |Number of nets: 3 **Mismatch**             
---------------------------------------------------------------------------------------
NET mismatches: Class fragments follow (with fanout counts):
Circuit 1: nmos_dif                        |Circuit 2: nmos_dif                        

---------------------------------------------------------------------------------------
Net: D6                                    |Net: D6                                    
  sky130_fd_pr__nfet_01v8/(1|3) = 3        |  sky130_fd_pr__nfet_01v8/(1|3) = 3        
  sky130_fd_pr__nfet_01v8/2 = 4            |  sky130_fd_pr__nfet_01v8/2 = 3            
                                           |                                           
Net: GND                                   |Net: GND                                   
  sky130_fd_pr__nfet_01v8/4 = 5            |  sky130_fd_pr__nfet_01v8/4 = 4            
  sky130_fd_pr__nfet_01v8/(1|3) = 3        |  sky130_fd_pr__nfet_01v8/(1|3) = 2        
                                           |                                           
Net: m1_556_88#                            |(no matching net)                          
  sky130_fd_pr__nfet_01v8/(1|3) = 1        |                                           
---------------------------------------------------------------------------------------
DEVICE mismatches: Class fragments follow (with node fanout counts):
Circuit 1: nmos_dif                        |Circuit 2: nmos_dif                        

---------------------------------------------------------------------------------------
Instance: sky130_fd_pr__nfet_01v8_6H9P4D_0 |Instance: sky130_fd_pr__nfet_01v8:M8       
  (1,3) = (7,7)                            |  (1,3) = (6,6)                            
  2 = 7                                    |  2 = 6                                    
  4 = 8                                    |  4 = 6                                    
                                           |                                           
Instance: sky130_fd_pr__nfet_01v8_DB328X_0 |Instance: sky130_fd_pr__nfet_01v8:M1       
  (1,3) = (8,7)                            |  (1,3) = (6,6)                            
  2 = 7                                    |  2 = 6                                    
  4 = 8                                    |  4 = 6                                    
                                           |                                           
Instance: sky130_fd_pr__nfet_01v8_DB328X_1 |(no matching instance)                     
  (1,3) = (8,1)                            |                                           
  2 = 7                                    |                                           
  4 = 8                                    |                                           
                                           |                                           
---------------------------------------------------------------------------------------
Netlists do not match.
Port matching may fail to disambiguate symmetries.

Subcircuit pins:
Circuit 1: nmos_dif                        |Circuit 2: nmos_dif                        
-------------------------------------------|-------------------------------------------
D6                                         |D6                                         
GND                                        |GND                                        
OUT                                        |OUT                                        
---------------------------------------------------------------------------------------
Cell pin lists are equivalent.
Device classes nmos_dif and nmos_dif are equivalent.

Final result: Netlists do not match.
Port matching may fail to disambiguate symmetries.
